[     255ms] [INFO] %cDownload the React DevTools for a better development experience: https://reactjs.org/link/react-devtools font-weight:bold @ http://localhost:1420/node_modules/.vite/deps/chunk-NGODP64W.js?v=0aafdc19:21550
[     344ms] TypeError: Cannot read properties of undefined (reading 'transformCallback')
    at transformCallback (http://localhost:1420/node_modules/.vite/deps/chunk-G7S6KQDI.js?v=0aafdc19:22:37)
    at listen (http://localhost:1420/node_modules/.vite/deps/@tauri-apps_api_event.js?v=0aafdc19:38:14)
    at Object.onData (http://localhost:1420/src/terminal/terminalBridge.ts:23:12)
    at http://localhost:1420/src/terminal/useTerminalProcess.ts?t=1777282423416:61:20
    at commitHookEffectListMount (http://localhost:1420/node_modules/.vite/deps/chunk-NGODP64W.js?v=0aafdc19:16915:34)
    at commitPassiveMountOnFiber (http://localhost:1420/node_modules/.vite/deps/chunk-NGODP64W.js?v=0aafdc19:18156:19)
    at commitPassiveMountEffects_complete (http://localhost:1420/node_modules/.vite/deps/chunk-NGODP64W.js?v=0aafdc19:18129:17)
    at commitPassiveMountEffects_begin (http://localhost:1420/node_modules/.vite/deps/chunk-NGODP64W.js?v=0aafdc19:18119:15)
    at commitPassiveMountEffects (http://localhost:1420/node_modules/.vite/deps/chunk-NGODP64W.js?v=0aafdc19:18109:11)
    at flushPassiveEffectsImpl (http://localhost:1420/node_modules/.vite/deps/chunk-NGODP64W.js?v=0aafdc19:19490:11)
[     344ms] TypeError: Cannot read properties of undefined (reading 'transformCallback')
    at transformCallback (http://localhost:1420/node_modules/.vite/deps/chunk-G7S6KQDI.js?v=0aafdc19:22:37)
    at listen (http://localhost:1420/node_modules/.vite/deps/@tauri-apps_api_event.js?v=0aafdc19:38:14)
    at Object.onExit (http://localhost:1420/src/terminal/terminalBridge.ts:26:12)
    at http://localhost:1420/src/terminal/useTerminalProcess.ts?t=1777282423416:73:20
    at commitHookEffectListMount (http://localhost:1420/node_modules/.vite/deps/chunk-NGODP64W.js?v=0aafdc19:16915:34)
    at commitPassiveMountOnFiber (http://localhost:1420/node_modules/.vite/deps/chunk-NGODP64W.js?v=0aafdc19:18156:19)
    at commitPassiveMountEffects_complete (http://localhost:1420/node_modules/.vite/deps/chunk-NGODP64W.js?v=0aafdc19:18129:17)
    at commitPassiveMountEffects_begin (http://localhost:1420/node_modules/.vite/deps/chunk-NGODP64W.js?v=0aafdc19:18119:15)
    at commitPassiveMountEffects (http://localhost:1420/node_modules/.vite/deps/chunk-NGODP64W.js?v=0aafdc19:18109:11)
    at flushPassiveEffectsImpl (http://localhost:1420/node_modules/.vite/deps/chunk-NGODP64W.js?v=0aafdc19:19490:11)
[     344ms] TypeError: Cannot read properties of undefined (reading 'transformCallback')
    at transformCallback (http://localhost:1420/node_modules/.vite/deps/chunk-G7S6KQDI.js?v=0aafdc19:22:37)
    at listen (http://localhost:1420/node_modules/.vite/deps/@tauri-apps_api_event.js?v=0aafdc19:38:14)
    at Object.onData (http://localhost:1420/src/terminal/terminalBridge.ts:23:12)
    at http://localhost:1420/src/terminal/useTerminalProcess.ts?t=1777282423416:61:20
    at commitHookEffectListMount (http://localhost:1420/node_modules/.vite/deps/chunk-NGODP64W.js?v=0aafdc19:16915:34)
    at commitPassiveMountOnFiber (http://localhost:1420/node_modules/.vite/deps/chunk-NGODP64W.js?v=0aafdc19:18156:19)
    at commitPassiveMountEffects_complete (http://localhost:1420/node_modules/.vite/deps/chunk-NGODP64W.js?v=0aafdc19:18129:17)
    at commitPassiveMountEffects_begin (http://localhost:1420/node_modules/.vite/deps/chunk-NGODP64W.js?v=0aafdc19:18119:15)
    at commitPassiveMountEffects (http://localhost:1420/node_modules/.vite/deps/chunk-NGODP64W.js?v=0aafdc19:18109:11)
    at flushPassiveEffectsImpl (http://localhost:1420/node_modules/.vite/deps/chunk-NGODP64W.js?v=0aafdc19:19490:11)
[     345ms] TypeError: Cannot read properties of undefined (reading 'transformCallback')
    at transformCallback (http://localhost:1420/node_modules/.vite/deps/chunk-G7S6KQDI.js?v=0aafdc19:22:37)
    at listen (http://localhost:1420/node_modules/.vite/deps/@tauri-apps_api_event.js?v=0aafdc19:38:14)
    at Object.onExit (http://localhost:1420/src/terminal/terminalBridge.ts:26:12)
    at http://localhost:1420/src/terminal/useTerminalProcess.ts?t=1777282423416:73:20
    at commitHookEffectListMount (http://localhost:1420/node_modules/.vite/deps/chunk-NGODP64W.js?v=0aafdc19:16915:34)
    at commitPassiveMountOnFiber (http://localhost:1420/node_modules/.vite/deps/chunk-NGODP64W.js?v=0aafdc19:18156:19)
    at commitPassiveMountEffects_complete (http://localhost:1420/node_modules/.vite/deps/chunk-NGODP64W.js?v=0aafdc19:18129:17)
    at commitPassiveMountEffects_begin (http://localhost:1420/node_modules/.vite/deps/chunk-NGODP64W.js?v=0aafdc19:18119:15)
    at commitPassiveMountEffects (http://localhost:1420/node_modules/.vite/deps/chunk-NGODP64W.js?v=0aafdc19:18109:11)
    at flushPassiveEffectsImpl (http://localhost:1420/node_modules/.vite/deps/chunk-NGODP64W.js?v=0aafdc19:19490:11)
[     345ms] TypeError: Cannot read properties of undefined (reading 'transformCallback')
    at transformCallback (http://localhost:1420/node_modules/.vite/deps/chunk-G7S6KQDI.js?v=0aafdc19:22:37)
    at listen (http://localhost:1420/node_modules/.vite/deps/@tauri-apps_api_event.js?v=0aafdc19:38:14)
    at Object.onData (http://localhost:1420/src/terminal/terminalBridge.ts:23:12)
    at http://localhost:1420/src/terminal/useTerminalProcess.ts?t=1777282423416:61:20
    at commitHookEffectListMount (http://localhost:1420/node_modules/.vite/deps/chunk-NGODP64W.js?v=0aafdc19:16915:34)
    at invokePassiveEffectMountInDEV (http://localhost:1420/node_modules/.vite/deps/chunk-NGODP64W.js?v=0aafdc19:18324:19)
    at invokeEffectsInDev (http://localhost:1420/node_modules/.vite/deps/chunk-NGODP64W.js?v=0aafdc19:19701:19)
    at commitDoubleInvokeEffectsInDEV (http://localhost:1420/node_modules/.vite/deps/chunk-NGODP64W.js?v=0aafdc19:19686:15)
    at flushPassiveEffectsImpl (http://localhost:1420/node_modules/.vite/deps/chunk-NGODP64W.js?v=0aafdc19:19503:13)
    at flushPassiveEffects (http://localhost:1420/node_modules/.vite/deps/chunk-NGODP64W.js?v=0aafdc19:19447:22)
[     345ms] TypeError: Cannot read properties of undefined (reading 'transformCallback')
    at transformCallback (http://localhost:1420/node_modules/.vite/deps/chunk-G7S6KQDI.js?v=0aafdc19:22:37)
    at listen (http://localhost:1420/node_modules/.vite/deps/@tauri-apps_api_event.js?v=0aafdc19:38:14)
    at Object.onExit (http://localhost:1420/src/terminal/terminalBridge.ts:26:12)
    at http://localhost:1420/src/terminal/useTerminalProcess.ts?t=1777282423416:73:20
    at commitHookEffectListMount (http://localhost:1420/node_modules/.vite/deps/chunk-NGODP64W.js?v=0aafdc19:16915:34)
    at invokePassiveEffectMountInDEV (http://localhost:1420/node_modules/.vite/deps/chunk-NGODP64W.js?v=0aafdc19:18324:19)
    at invokeEffectsInDev (http://localhost:1420/node_modules/.vite/deps/chunk-NGODP64W.js?v=0aafdc19:19701:19)
    at commitDoubleInvokeEffectsInDEV (http://localhost:1420/node_modules/.vite/deps/chunk-NGODP64W.js?v=0aafdc19:19686:15)
    at flushPassiveEffectsImpl (http://localhost:1420/node_modules/.vite/deps/chunk-NGODP64W.js?v=0aafdc19:19503:13)
    at flushPassiveEffects (http://localhost:1420/node_modules/.vite/deps/chunk-NGODP64W.js?v=0aafdc19:19447:22)
[     346ms] TypeError: Cannot read properties of undefined (reading 'transformCallback')
    at transformCallback (http://localhost:1420/node_modules/.vite/deps/chunk-G7S6KQDI.js?v=0aafdc19:22:37)
    at listen (http://localhost:1420/node_modules/.vite/deps/@tauri-apps_api_event.js?v=0aafdc19:38:14)
    at Object.onData (http://localhost:1420/src/terminal/terminalBridge.ts:23:12)
    at http://localhost:1420/src/terminal/useTerminalProcess.ts?t=1777282423416:61:20
    at commitHookEffectListMount (http://localhost:1420/node_modules/.vite/deps/chunk-NGODP64W.js?v=0aafdc19:16915:34)
    at invokePassiveEffectMountInDEV (http://localhost:1420/node_modules/.vite/deps/chunk-NGODP64W.js?v=0aafdc19:18324:19)
    at invokeEffectsInDev (http://localhost:1420/node_modules/.vite/deps/chunk-NGODP64W.js?v=0aafdc19:19701:19)
    at commitDoubleInvokeEffectsInDEV (http://localhost:1420/node_modules/.vite/deps/chunk-NGODP64W.js?v=0aafdc19:19686:15)
    at flushPassiveEffectsImpl (http://localhost:1420/node_modules/.vite/deps/chunk-NGODP64W.js?v=0aafdc19:19503:13)
    at flushPassiveEffects (http://localhost:1420/node_modules/.vite/deps/chunk-NGODP64W.js?v=0aafdc19:19447:22)
[     346ms] TypeError: Cannot read properties of undefined (reading 'transformCallback')
    at transformCallback (http://localhost:1420/node_modules/.vite/deps/chunk-G7S6KQDI.js?v=0aafdc19:22:37)
    at listen (http://localhost:1420/node_modules/.vite/deps/@tauri-apps_api_event.js?v=0aafdc19:38:14)
    at Object.onExit (http://localhost:1420/src/terminal/terminalBridge.ts:26:12)
    at http://localhost:1420/src/terminal/useTerminalProcess.ts?t=1777282423416:73:20
    at commitHookEffectListMount (http://localhost:1420/node_modules/.vite/deps/chunk-NGODP64W.js?v=0aafdc19:16915:34)
    at invokePassiveEffectMountInDEV (http://localhost:1420/node_modules/.vite/deps/chunk-NGODP64W.js?v=0aafdc19:18324:19)
    at invokeEffectsInDev (http://localhost:1420/node_modules/.vite/deps/chunk-NGODP64W.js?v=0aafdc19:19701:19)
    at commitDoubleInvokeEffectsInDEV (http://localhost:1420/node_modules/.vite/deps/chunk-NGODP64W.js?v=0aafdc19:19686:15)
    at flushPassiveEffectsImpl (http://localhost:1420/node_modules/.vite/deps/chunk-NGODP64W.js?v=0aafdc19:19503:13)
    at flushPassiveEffects (http://localhost:1420/node_modules/.vite/deps/chunk-NGODP64W.js?v=0aafdc19:19447:22)
[     351ms] [ERROR] Failed to load resource: the server responded with a status of 404 (Not Found) @ http://localhost:1420/favicon.ico:0
[  142414ms] [LOG] [vite] server connection lost. Polling for restart... @ http://localhost:1420/@vite/client:559
[  144730ms] [ERROR] Failed to load resource: net::ERR_CONNECTION_REFUSED @ http://localhost:1420/:0
[  147632ms] [INFO] %cDownload the React DevTools for a better development experience: https://reactjs.org/link/react-devtools font-weight:bold @ http://localhost:1420/node_modules/.vite/deps/chunk-NGODP64W.js?v=0aafdc19:21550
